[    0.000000] Initializing cgroup subsys cpuset
[    0.000000] Initializing cgroup subsys cpu
[    0.000000] Initializing cgroup subsys cpuacct
[    0.000000] Linux version 4.4.0-204-generic (buildd@lgw01-amd64-018) (gcc version 5.4.0 20160609 (Ubuntu 5.4.0-6ubuntu1~16.04.12) ) #236-Ubuntu SMP Fri Feb 19 16:11:27 UTC 2021 (Ubuntu 4.4.0-204.236-generic 4.4.254)
[    0.000000] Command line: BOOT_IMAGE=/boot/vmlinuz-4.4.0-204-generic root=LABEL=cloudimg-rootfs ro console=tty1 console=ttyS0
[    0.000000] KERNEL supported cpus:
[    0.000000]   Intel GenuineIntel
[    0.000000]   AMD AuthenticAMD
[    0.000000]   Centaur CentaurHauls
[    0.000000] x86/fpu: xstate_offset[2]:  576, xstate_sizes[2]:  256
[    0.000000] x86/fpu: Supporting XSAVE feature 0x01: 'x87 floating point registers'
[    0.000000] x86/fpu: Supporting XSAVE feature 0x02: 'SSE registers'
[    0.000000] x86/fpu: Supporting XSAVE feature 0x04: 'AVX registers'
[    0.000000] x86/fpu: Enabled xstate features 0x7, context size is 832 bytes, using 'standard' format.
[    0.000000] e820: BIOS-provided physical RAM map:
[    0.000000] BIOS-e820: [mem 0x0000000000000000-0x000000000009fbff] usable
[    0.000000] BIOS-e820: [mem 0x000000000009fc00-0x000000000009ffff] reserved
[    0.000000] BIOS-e820: [mem 0x00000000000f0000-0x00000000000fffff] reserved
[    0.000000] BIOS-e820: [mem 0x0000000000100000-0x00000000dffeffff] usable
[    0.000000] BIOS-e820: [mem 0x00000000dfff0000-0x00000000dfffffff] ACPI data
[    0.000000] BIOS-e820: [mem 0x00000000fec00000-0x00000000fec00fff] reserved
[    0.000000] BIOS-e820: [mem 0x00000000fee00000-0x00000000fee00fff] reserved
[    0.000000] BIOS-e820: [mem 0x00000000fffc0000-0x00000000ffffffff] reserved
[    0.000000] BIOS-e820: [mem 0x0000000100000000-0x000000011fffffff] usable
[    0.000000] NX (Execute Disable) protection: active
[    0.000000] SMBIOS 2.5 present.
[    0.000000] Hypervisor detected: KVM
[    0.000000] e820: last_pfn = 0x120000 max_arch_pfn = 0x400000000
[    0.000000] MTRR: Disabled
[    0.000000] x86/PAT: MTRRs disabled, skipping PAT initialization too.
[    0.000000] CPU MTRRs all blank - virtualized system.
[    0.000000] x86/PAT: Configuration [0-7]: WB  WT  UC- UC  WB  WT  UC- UC  
[    0.000000] e820: last_pfn = 0xdfff0 max_arch_pfn = 0x400000000
[    0.000000] found SMP MP-table at [mem 0x0009fff0-0x0009ffff] mapped at [ffff88000009fff0]
[    0.000000] Scanning 1 areas for low memory corruption
[    0.000000] RAMDISK: [mem 0x362de000-0x37166fff]
[    0.000000] ACPI: Early table checksum verification disabled
[    0.000000] ACPI: RSDP 0x00000000000E0000 000024 (v02 VBOX  )
[    0.000000] ACPI: XSDT 0x00000000DFFF0030 00003C (v01 VBOX   VBOXXSDT 00000001 ASL  00000061)
[    0.000000] ACPI: FACP 0x00000000DFFF00F0 0000F4 (v04 VBOX   VBOXFACP 00000001 ASL  00000061)
[    0.000000] ACPI: DSDT 0x00000000DFFF0470 002325 (v02 VBOX   VBOXBIOS 00000002 INTL 20100528)
[    0.000000] ACPI: FACS 0x00000000DFFF0200 000040
[    0.000000] ACPI: FACS 0x00000000DFFF0200 000040
[    0.000000] ACPI: APIC 0x00000000DFFF0240 00005C (v02 VBOX   VBOXAPIC 00000001 ASL  00000061)
[    0.000000] ACPI: SSDT 0x00000000DFFF02A0 0001CC (v01 VBOX   VBOXCPUT 00000002 INTL 20100528)
[    0.000000] No NUMA configuration found
[    0.000000] Faking a node at [mem 0x0000000000000000-0x000000011fffffff]
[    0.000000] NODE_DATA(0) allocated [mem 0x11fff7000-0x11fffbfff]
[    0.000000] kvm-clock: Using msrs 4b564d01 and 4b564d00
[    0.000000] kvm-clock: cpu 0, msr 1:1ffef001, primary cpu clock
[    0.000000] kvm-clock: using sched offset of 4537815854 cycles
[    0.000000] clocksource: kvm-clock: mask: 0xffffffffffffffff max_cycles: 0x1cd42e4dffb, max_idle_ns: 881590591483 ns
[    0.000000] Zone ranges:
[    0.000000]   DMA      [mem 0x0000000000001000-0x0000000000ffffff]
[    0.000000]   DMA32    [mem 0x0000000001000000-0x00000000ffffffff]
[    0.000000]   Normal   [mem 0x0000000100000000-0x000000011fffffff]
[    0.000000]   Device   empty
[    0.000000] Movable zone start for each node
[    0.000000] Early memory node ranges
[    0.000000]   node   0: [mem 0x0000000000001000-0x000000000009efff]
[    0.000000]   node   0: [mem 0x0000000000100000-0x00000000dffeffff]
[    0.000000]   node   0: [mem 0x0000000100000000-0x000000011fffffff]
[    0.000000] Initmem setup node 0 [mem 0x0000000000001000-0x000000011fffffff]
[    0.000000] ACPI: PM-Timer IO Port: 0x4008
[    0.000000] IOAPIC[0]: apic_id 2, version 32, address 0xfec00000, GSI 0-23
[    0.000000] ACPI: INT_SRC_OVR (bus 0 bus_irq 0 global_irq 2 dfl dfl)
[    0.000000] ACPI: INT_SRC_OVR (bus 0 bus_irq 9 global_irq 9 low level)
[    0.000000] Using ACPI (MADT) for SMP configuration information
[    0.000000] smpboot: Allowing 2 CPUs, 0 hotplug CPUs
[    0.000000] PM: Registered nosave memory: [mem 0x00000000-0x00000fff]
[    0.000000] PM: Registered nosave memory: [mem 0x0009f000-0x0009ffff]
[    0.000000] PM: Registered nosave memory: [mem 0x000a0000-0x000effff]
[    0.000000] PM: Registered nosave memory: [mem 0x000f0000-0x000fffff]
[    0.000000] PM: Registered nosave memory: [mem 0xdfff0000-0xdfffffff]
[    0.000000] PM: Registered nosave memory: [mem 0xe0000000-0xfebfffff]
[    0.000000] PM: Registered nosave memory: [mem 0xfec00000-0xfec00fff]
[    0.000000] PM: Registered nosave memory: [mem 0xfec01000-0xfedfffff]
[    0.000000] PM: Registered nosave memory: [mem 0xfee00000-0xfee00fff]
[    0.000000] PM: Registered nosave memory: [mem 0xfee01000-0xfffbffff]
[    0.000000] PM: Registered nosave memory: [mem 0xfffc0000-0xffffffff]
[    0.000000] e820: [mem 0xe0000000-0xfebfffff] available for PCI devices
[    0.000000] Booting paravirtualized kernel on KVM
[    0.000000] clocksource: refined-jiffies: mask: 0xffffffff max_cycles: 0xffffffff, max_idle_ns: 7645519600211568 ns
[    0.000000] setup_percpu: NR_CPUS:512 nr_cpumask_bits:512 nr_cpu_ids:2 nr_node_ids:1
[    0.000000] PERCPU: Embedded 33 pages/cpu @ffff88011fc00000 s95640 r8192 d31336 u1048576
[    0.000000] Built 1 zonelists in Node order, mobility grouping on.  Total pages: 1032056
[    0.000000] Policy zone: Normal
[    0.000000] Kernel command line: BOOT_IMAGE=/boot/vmlinuz-4.4.0-204-generic root=LABEL=cloudimg-rootfs ro console=tty1 console=ttyS0
[    0.000000] PID hash table entries: 4096 (order: 3, 32768 bytes)
[    0.000000] Memory: 4028168K/4193848K available (8641K kernel code, 1337K rwdata, 4044K rodata, 1496K init, 1296K bss, 165680K reserved, 0K cma-reserved)
[    0.000000] SLUB: HWalign=64, Order=0-3, MinObjects=0, CPUs=2, Nodes=1
[    0.000000] Kernel/User page tables isolation: enabled
[    0.000000] Hierarchical RCU implementation.
[    0.000000] 	Build-time adjustment of leaf fanout to 64.
[    0.000000] 	RCU restricting CPUs from NR_CPUS=512 to nr_cpu_ids=2.
[    0.000000] RCU: Adjusting geometry for rcu_fanout_leaf=64, nr_cpu_ids=2
[    0.000000] NR_IRQS:33024 nr_irqs:440 16
[    0.000000] Console: colour VGA+ 80x25
[    0.000000] console [tty1] enabled
[    0.000000] console [ttyS0] enabled
[    0.000000] tsc: Detected 2494.330 MHz processor
[    1.101199] Calibrating delay loop (skipped) preset value.. 4988.66 BogoMIPS (lpj=9977320)
[    1.105263] pid_max: default: 32768 minimum: 301
[    1.107843] ACPI: Core revision 20150930
[    1.114131] ACPI: 2 ACPI AML tables successfully acquired and loaded
[    1.117220] Security Framework initialized
[    1.119195] Yama: becoming mindful.
[    1.120952] AppArmor: AppArmor initialized
[    1.147314] Dentry cache hash table entries: 524288 (order: 10, 4194304 bytes)
[    1.189487] Inode-cache hash table entries: 262144 (order: 9, 2097152 bytes)
[    1.193890] Mount-cache hash table entries: 8192 (order: 4, 65536 bytes)
[    1.196921] Mountpoint-cache hash table entries: 8192 (order: 4, 65536 bytes)
[    1.212970] Initializing cgroup subsys io
[    1.215219] Initializing cgroup subsys memory
[    1.217264] Initializing cgroup subsys devices
[    1.219382] Initializing cgroup subsys freezer
[    1.221524] Initializing cgroup subsys net_cls
[    1.223539] Initializing cgroup subsys perf_event
[    1.226474] Initializing cgroup subsys net_prio
[    1.229357] Initializing cgroup subsys hugetlb
[    1.232134] Initializing cgroup subsys pids
[    1.234943] mce: CPU supports 0 MCE banks
[    1.237564] Last level iTLB entries: 4KB 512, 2MB 8, 4MB 8
[    1.240467] Last level dTLB entries: 4KB 512, 2MB 32, 4MB 32, 1GB 0
[    1.244110] Spectre V1 : Mitigation: usercopy/swapgs barriers and __user pointer sanitization
[    1.250002] Spectre V2 : Mitigation: Full generic retpoline
[    1.253456] Spectre V2 : Spectre v2 / SpectreRSB mitigation: Filling RSB on context switch
[    1.258567] Speculative Store Bypass: Vulnerable
[    1.261323] SRBDS: Unknown: Dependent on hypervisor status
[    1.264630] MDS: Mitigation: Clear CPU buffers
[    1.275602] Freeing SMP alternatives memory: 36K
[    1.297536] ftrace: allocating 32368 entries in 127 pages
[    1.443378] smpboot: APIC(0) Converting physical 0 to logical package 0
[    1.447140] smpboot: Max logical packages: 1
[    1.450441] x2apic enabled
[    1.453046] Switched APIC routing to physical x2apic.
[    1.459525] ..TIMER: vector=0x30 apic1=0 pin1=2 apic2=-1 pin2=-1
[    1.570374] smpboot: CPU0: Intel(R) Core(TM) i7-3667U CPU @ 2.00GHz (family: 0x6, model: 0x3a, stepping: 0x9)
[    1.575490] Performance Events: unsupported p6 CPU model 58 no PMU driver, software events only.
[    1.597070] KVM setup paravirtual spinlock
[    1.600652] x86: Booting SMP configuration:
[    1.602779] .... node  #0, CPUs:      #1
[    1.604862] kvm-clock: cpu 1, msr 1:1ffef041, secondary cpu clock
[    1.608612] mce: CPU supports 0 MCE banks
[    1.612109] x86: Booted up 1 node, 2 CPUs
[    1.615398] smpboot: Total of 2 processors activated (9977.32 BogoMIPS)
[    1.619216] devtmpfs: initialized
[    1.635143] evm: security.selinux
[    1.636950] evm: security.SMACK64
[    1.638906] evm: security.SMACK64EXEC
[    1.640765] evm: security.SMACK64TRANSMUTE
[    1.642699] evm: security.SMACK64MMAP
[    1.644554] evm: security.ima
[    1.646311] evm: security.capability
[    1.648682] clocksource: jiffies: mask: 0xffffffff max_cycles: 0xffffffff, max_idle_ns: 7645041785100000 ns
[    1.653116] futex hash table entries: 512 (order: 3, 32768 bytes)
[    1.656305] pinctrl core: initialized pinctrl subsystem
[    1.658852] RTC time: 20:40:28, date: 03/25/21
[    1.661173] NET: Registered protocol family 16
[    1.677710] cpuidle: using governor ladder
[    1.692340] cpuidle: using governor menu
[    1.694328] PCCT header not found.
[    1.696462] ACPI: bus type PCI registered
[    1.698428] acpiphp: ACPI Hot Plug PCI Controller Driver version: 0.5
[    1.701487] PCI: Using configuration type 1 for base access
[    1.761617] ACPI: Added _OSI(Module Device)
[    1.763719] ACPI: Added _OSI(Processor Device)
[    1.765945] ACPI: Added _OSI(3.0 _SCP Extensions)
[    1.768441] ACPI: Added _OSI(Processor Aggregator Device)
[    1.772682] ACPI: Executed 1 blocks of module-level executable AML code
[    1.782104] ACPI: Interpreter enabled
[    1.784062] ACPI: (supports S0 S5)
[    1.786003] ACPI: Using IOAPIC for interrupt routing
[    1.789013] PCI: Using host bridge windows from ACPI; if necessary, use "pci=nocrs" and report a bug
[    1.803499] ACPI: PCI Root Bridge [PCI0] (domain 0000 [bus 00-ff])
[    1.807004] acpi PNP0A03:00: _OSC: OS supports [ASPM ClockPM Segments MSI]
[    1.811506] acpi PNP0A03:00: _OSC: not requesting OS control; OS requires [ExtendedConfig ASPM ClockPM MSI]
[    1.817120] acpi PNP0A03:00: fail to add MMCONFIG information, can't access extended PCI configuration space under this bridge.
[    1.855851] PCI host bridge to bus 0000:00
[    1.857893] pci_bus 0000:00: root bus resource [io  0x0000-0x0cf7 window]
[    1.860613] pci_bus 0000:00: root bus resource [io  0x0d00-0xffff window]
[    1.863357] pci_bus 0000:00: root bus resource [mem 0x000a0000-0x000bffff window]
[    1.867197] pci_bus 0000:00: root bus resource [mem 0xe0000000-0xfdffffff window]
[    1.870904] pci_bus 0000:00: root bus resource [bus 00-ff]
[    1.877502] pci 0000:00:01.1: legacy IDE quirk: reg 0x10: [io  0x01f0-0x01f7]
[    1.881321] pci 0000:00:01.1: legacy IDE quirk: reg 0x14: [io  0x03f6]
[    1.884464] pci 0000:00:01.1: legacy IDE quirk: reg 0x18: [io  0x0170-0x0177]
[    1.887983] pci 0000:00:01.1: legacy IDE quirk: reg 0x1c: [io  0x0376]
[    1.956711] pci 0000:00:07.0: quirk: [io  0x4000-0x403f] claimed by PIIX4 ACPI
[    1.960571] pci 0000:00:07.0: quirk: [io  0x4100-0x410f] claimed by PIIX4 SMB
[    1.985001] ACPI: PCI Interrupt Link [LNKA] (IRQs 5 9 10 *11)
[    1.990084] ACPI: PCI Interrupt Link [LNKB] (IRQs 5 9 *10 11)
[    1.993703] ACPI: PCI Interrupt Link [LNKC] (IRQs 5 *9 10 11)
[    1.997514] ACPI: PCI Interrupt Link [LNKD] (IRQs 5 9 10 *11)
[    2.001243] ACPI: Enabled 2 GPEs in block 00 to 07
[    2.004074] vgaarb: setting as boot device: PCI:0000:00:02.0
[    2.007007] vgaarb: device added: PCI:0000:00:02.0,decodes=io+mem,owns=io+mem,locks=none
[    2.010985] vgaarb: loaded
[    2.012601] vgaarb: bridge control possible 0000:00:02.0
[    2.016413] SCSI subsystem initialized
[    2.018522] ACPI: bus type USB registered
[    2.020480] usbcore: registered new interface driver usbfs
[    2.023509] usbcore: registered new interface driver hub
[    2.025941] usbcore: registered new device driver usb
[    2.028922] PCI: Using ACPI for IRQ routing
[    2.031479] NetLabel: Initializing
[    2.033298] NetLabel:  domain hash size = 128
[    2.035402] NetLabel:  protocols = UNLABELED CIPSOv4
[    2.037912] NetLabel:  unlabeled traffic allowed by default
[    2.040792] amd_nb: Cannot enumerate AMD northbridges
[    2.054850] clocksource: Switched to clocksource kvm-clock
[    2.111605] AppArmor: AppArmor Filesystem Enabled
[    2.113901] pnp: PnP ACPI init
[    2.117534] pnp: PnP ACPI: found 3 devices
[    2.131651] clocksource: acpi_pm: mask: 0xffffff max_cycles: 0xffffff, max_idle_ns: 2085701024 ns
[    2.135733] NET: Registered protocol family 2
[    2.138245] TCP established hash table entries: 32768 (order: 6, 262144 bytes)
[    2.142180] TCP bind hash table entries: 32768 (order: 7, 524288 bytes)
[    2.165888] TCP: Hash tables configured (established 32768 bind 32768)
[    2.168993] UDP hash table entries: 2048 (order: 4, 65536 bytes)
[    2.171614] UDP-Lite hash table entries: 2048 (order: 4, 65536 bytes)
[    2.174442] NET: Registered protocol family 1
[    2.176679] pci 0000:00:00.0: Limiting direct PCI/PCI transfers
[    2.179345] pci 0000:00:01.0: Activating ISA DMA hang workarounds
[    2.182341] Unpacking initramfs...
[    3.205384] Freeing initrd memory: 14884K
[    3.207807] PCI-DMA: Using software bounce buffering for IO (SWIOTLB)
[    3.210650] software IO TLB: mapped [mem 0xdbff0000-0xdfff0000] (64MB)
[    3.213753] RAPL PMU detected, API unit is 2^-32 Joules, 3 fixed counters 10737418240 ms ovfl timer
[    3.219048] hw unit of domain pp0-core 2^-0 Joules
[    3.221566] hw unit of domain package 2^-0 Joules
[    3.224398] hw unit of domain pp1-gpu 2^-0 Joules
[    3.226648] clocksource: tsc: mask: 0xffffffffffffffff max_cycles: 0x23f44dae1ab, max_idle_ns: 440795269790 ns
[    3.231474] platform rtc_cmos: registered platform RTC device (no PNP device found)
[    3.235561] Scanning for low memory corruption every 60 seconds
[    3.238636] audit: initializing netlink subsys (disabled)
[    3.241267] audit: type=2000 audit(1616704835.606:1): initialized
[    3.244585] Initialise system trusted keyring
[    3.247085] HugeTLB registered 2 MB page size, pre-allocated 0 pages
[    3.253267] zbud: loaded
[    3.255281] VFS: Disk quotas dquot_6.6.0
[    3.257380] VFS: Dquot-cache hash table entries: 512 (order 0, 4096 bytes)
[    3.261019] squashfs: version 4.0 (2009/01/31) Phillip Lougher
[    3.264289] fuse init (API version 7.23)
[    3.266658] Key type big_key registered
[    3.268722] Allocating IMA MOK and blacklist keyrings.
[    3.272537] Key type asymmetric registered
[    3.274499] Asymmetric key parser 'x509' registered
[    3.276927] Block layer SCSI generic (bsg) driver version 0.4 loaded (major 249)
[    3.280676] io scheduler noop registered
[    3.282786] io scheduler deadline registered (default)
[    3.286357] io scheduler cfq registered
[    3.289393] pci_hotplug: PCI Hot Plug PCI Core version: 0.5
[    3.292964] pciehp: PCI Express Hot Plug Controller Driver version: 0.4
[    3.298544] ACPI: AC Adapter [AC] (on-line)
[    3.301599] input: Power Button as /devices/LNXSYSTM:00/LNXPWRBN:00/input/input0
[    3.306813] ACPI: Power Button [PWRF]
[    3.309678] input: Sleep Button as /devices/LNXSYSTM:00/LNXSLPBN:00/input/input1
[    3.314321] ACPI: Sleep Button [SLPF]
[    3.319003] GHES: HEST is not enabled!
[    3.319015] ACPI: Battery Slot [BAT0] (battery present)
[    3.325043] Serial: 8250/16550 driver, 32 ports, IRQ sharing enabled
[    3.383887] 00:02: ttyS0 at I/O 0x3f8 (irq = 4, base_baud = 115200) is a 16550A
[    3.393036] Linux agpgart interface v0.103
[    3.399706] loop: module loaded
[    3.402881] scsi host0: ata_piix
[    3.405500] scsi host1: ata_piix
[    3.407861] ata1: PATA max UDMA/33 cmd 0x1f0 ctl 0x3f6 bmdma 0xd000 irq 14
[    3.410567] ata2: PATA max UDMA/33 cmd 0x170 ctl 0x376 bmdma 0xd008 irq 15
[    3.416900] libphy: Fixed MDIO Bus: probed
[    3.419209] tun: Universal TUN/TAP device driver, 1.6
[    3.421618] tun: (C) 1999-2004 Max Krasnyansky <maxk@qualcomm.com>
[    3.424673] PPP generic driver version 2.4.2
[    3.426975] ehci_hcd: USB 2.0 'Enhanced' Host Controller (EHCI) Driver
[    3.429763] ehci-pci: EHCI PCI platform driver
[    3.432059] ehci-platform: EHCI generic platform driver
[    3.434511] ohci_hcd: USB 1.1 'Open' Host Controller (OHCI) Driver
[    3.437379] ohci-pci: OHCI PCI platform driver
[    3.439593] ohci-platform: OHCI generic platform driver
[    3.441958] uhci_hcd: USB Universal Host Controller Interface driver
[    3.445745] i8042: PNP: PS/2 Controller [PNP0303:PS2K,PNP0f03:PS2M] at 0x60,0x64 irq 1,12
[    3.451467] serio: i8042 KBD port at 0x60,0x64 irq 1
[    3.454124] serio: i8042 AUX port at 0x60,0x64 irq 12
[    3.457734] mousedev: PS/2 mouse device common for all mice
[    3.461334] input: AT Translated Set 2 keyboard as /devices/platform/i8042/serio0/input/input2
[    3.467593] rtc_cmos rtc_cmos: rtc core: registered rtc_cmos as rtc0
[    3.471238] rtc_cmos rtc_cmos: alarms up to one day, 114 bytes nvram
[    3.474718] i2c /dev entries driver
[    3.478344] device-mapper: uevent: version 1.0.3
[    3.481404] device-mapper: ioctl: 4.34.0-ioctl (2015-10-28) initialised: dm-devel@redhat.com
[    3.487007] ledtrig-cpu: registered to indicate activity on CPUs
[    3.491621] NET: Registered protocol family 10
[    3.494823] NET: Registered protocol family 17
[    3.497232] Key type dns_resolver registered
[    3.500780] registered taskstats version 1
[    3.503168] Loading compiled-in X.509 certificates
[    3.507496] Loaded X.509 cert 'Build time autogenerated kernel key: 7d89d4973e8e82529e7123890c54abbb198c4f27'
[    3.512859] zswap: loaded using pool lzo/zbud
[    3.519646] Key type trusted registered
[    3.530306] Key type encrypted registered
[    3.533188] AppArmor: AppArmor sha1 policy hashing enabled
[    3.539179] ima: No TPM chip found, activating TPM-bypass!
[    3.542703] ima: Allocated hash algorithm: sha1
[    3.545953] evm: HMAC attrs: 0x1
[    3.549279]   Magic number: 13:116:701
[    3.552395] rtc_cmos rtc_cmos: setting system clock to 2021-03-25 20:40:30 UTC (1616704830)
[    3.558226] BIOS EDD facility v0.16 2004-Jun-25, 0 devices found
[    3.561673] EDD information not available.
[    3.606282] Freeing unused kernel memory: 1496K
[    3.609353] Write protecting the kernel read-only data: 14336k
[    3.614056] Freeing unused kernel memory: 1588K
[    3.623645] Freeing unused kernel memory: 52K
Loading, please wait...
starting version 229
[    3.657828] random: systemd-udevd: uninitialized urandom read (16 bytes read, 3 bits of entropy available)
[    3.658577] random: udevadm: uninitialized urandom read (16 bytes read, 3 bits of entropy available)
[    3.658616] random: udevadm: uninitialized urandom read (16 bytes read, 3 bits of entropy available)
[    3.678694] random: systemd-udevd: uninitialized urandom read (16 bytes read, 3 bits of entropy available)
[    3.684924] random: systemd-udevd: uninitialized urandom read (16 bytes read, 3 bits of entropy available)
[    3.687636] random: udevadm: uninitialized urandom read (16 bytes read, 3 bits of entropy available)
[    3.687751] random: udevadm: uninitialized urandom read (16 bytes read, 3 bits of entropy available)
[    3.688510] random: udevadm: uninitialized urandom read (16 bytes read, 3 bits of entropy available)
[    3.688670] random: udevadm: uninitialized urandom read (16 bytes read, 3 bits of entropy available)
[    3.688837] random: udevadm: uninitialized urandom read (16 bytes read, 3 bits of entropy available)
[    3.809712] Fusion MPT base driver 3.04.20
[    3.812430] Copyright (c) 1999-2008 LSI Corporation
[    3.830128] e1000: Intel(R) PRO/1000 Network Driver - version 7.3.21-k8-NAPI
[    3.834141] e1000: Copyright (c) 1999-2006 Intel Corporation.
[    3.867241] Fusion MPT SPI Host driver 3.04.20
[    3.881728] AVX version of gcm_enc/dec engaged.
[    3.884052] AES CTR mode by8 optimization enabled
[    4.042832] input: ImExPS/2 Generic Explorer Mouse as /devices/platform/i8042/serio1/input/input4
[    4.366468] e1000 0000:00:03.0 eth0: (PCI:33MHz:32-bit) 02:96:8e:bc:5b:f3
[    4.369530] e1000 0000:00:03.0 eth0: Intel(R) PRO/1000 Network Connection
[    4.375104] mptbase: ioc0: Initiating bringup
[    4.375502] e1000 0000:00:03.0 enp0s3: renamed from eth0
[    4.443977] ioc0: LSI53C1030 A0: Capabilities={Initiator}
[    4.614524] scsi host2: ioc0: LSI53C1030 A0, FwRev=00000000h, Ports=1, MaxQ=256, IRQ=20
[    4.748079] scsi 2:0:0:0: Direct-Access     VBOX     HARDDISK         1.0  PQ: 0 ANSI: 5
[    4.752855] scsi target2:0:0: Beginning Domain Validation
[    4.759424] scsi target2:0:0: Domain Validation skipping write tests
[    4.763175] scsi target2:0:0: Ending Domain Validation
[    4.766566] scsi target2:0:0: asynchronous
[    4.770361] scsi 2:0:1:0: Direct-Access     VBOX     HARDDISK         1.0  PQ: 0 ANSI: 5
[    4.775330] scsi target2:0:1: Beginning Domain Validation
[    4.781124] scsi target2:0:1: Domain Validation skipping write tests
[    4.784992] scsi target2:0:1: Ending Domain Validation
[    4.788162] scsi target2:0:1: asynchronous
[    4.798302] sd 2:0:0:0: [sda] 83886080 512-byte logical blocks: (42.9 GB/40.0 GiB)
[    4.802140] sd 2:0:0:0: Attached scsi generic sg0 type 0
[    4.805595] sd 2:0:1:0: [sdb] 20480 512-byte logical blocks: (10.5 MB/10.0 MiB)
[    4.806165] sd 2:0:0:0: [sda] Write Protect is off
[    4.806359] sd 2:0:0:0: [sda] Incomplete mode parameter data
[    4.806363] sd 2:0:0:0: [sda] Assuming drive cache: write through
[    4.814312]  sda: sda1
[    4.815001] sd 2:0:1:0: Attached scsi generic sg1 type 0
[    4.816048] sd 2:0:0:0: [sda] Attached SCSI disk
[    4.827967] sd 2:0:1:0: [sdb] Write Protect is off
[    4.832170] sd 2:0:1:0: [sdb] Incomplete mode parameter data
[    4.835945] sd 2:0:1:0: [sdb] Assuming drive cache: write through
[    4.844150] sd 2:0:1:0: [sdb] Attached SCSI disk
Begin: Loading essential drivers ... [    6.961852] md: linear personality registered for level -1
[    6.969793] md: multipath personality registered for level -4
[    6.979575] md: raid0 personality registered for level 0
[    6.991251] md: raid1 personality registered for level 1
[    7.067033] raid6: sse2x1   gen()  2089 MB/s
[    7.134898] raid6: sse2x1   xor()  1464 MB/s
[    7.203183] raid6: sse2x2   gen()  3898 MB/s
[    7.270950] raid6: sse2x2   xor()  2410 MB/s
[    7.338876] raid6: sse2x4   gen()  6059 MB/s
[    7.407231] raid6: sse2x4   xor()  3227 MB/s
[    7.409396] raid6: using algorithm sse2x4 gen() 6059 MB/s
[    7.412038] raid6: .... xor() 3227 MB/s, rmw enabled
[    7.414271] raid6: using ssse3x2 recovery algorithm
[    7.418873] xor: automatically using best checksumming function:
[    7.459440]    avx       : 16392.000 MB/sec
[    7.463235] async_tx: api initialized (async)
[    7.482243] md: raid6 personality registered for level 6
[    7.485157] md: raid5 personality registered for level 5
[    7.487569] md: raid4 personality registered for level 4
[    7.500593] md: raid10 personality registered for level 10
done.
Begin: Running /scripts/init-premount ... done.
Begin: Mounting root file system ... Begin: Running /scripts/local-top ... done.
Begin: Running /scripts/local-premount ... [    7.569270] Btrfs loaded
Scanning for Btrfs filesystems
done.
Warning: fsck not present, so skipping root file system
[    7.620602] EXT4-fs (sda1): INFO: recovery required on readonly filesystem
[    7.623598] EXT4-fs (sda1): write access will be enabled during recovery
[    7.767300] EXT4-fs (sda1): orphan cleanup on readonly fs
[    7.770302] EXT4-fs (sda1): 1 orphan inode deleted
[    7.773312] EXT4-fs (sda1): recovery complete
[    7.777856] EXT4-fs (sda1): mounted filesystem with ordered data mode. Opts: (null)
done.
Begin: Running /scripts/local-bottom ... done.
Begin: Running /scripts/init-bottom ... done.
[    8.057157] systemd[1]: systemd 229 running in system mode. (+PAM +AUDIT +SELINUX +IMA +APPARMOR +SMACK +SYSVINIT +UTMP +LIBCRYPTSETUP +GCRYPT +GNUTLS +ACL +XZ -LZ4 +SECCOMP +BLKID +ELFUTILS +KMOD -IDN)
[    8.068979] systemd[1]: Detected virtualization oracle.
[    8.071920] systemd[1]: Detected architecture x86-64.

Welcome to [1mUbuntu 16.04.7 LTS[0m!

[    8.082205] systemd[1]: Set hostname to <ubuntu-xenial>.
[    8.356308] systemd[1]: Created slice User and Session Slice.
[[0;32m  OK  [0m] Created slice User and Session Slice.
[    8.361193] systemd[1]: Listening on Journal Socket.
[[0;32m  OK  [0m] Listening on Journal Socket.
[    8.365208] systemd[1]: Listening on Syslog Socket.
[[0;32m  OK  [0m] Listening on Syslog Socket.
[    8.369271] systemd[1]: Started Trigger resolvconf update for networkd DNS.
[[0;32m  OK  [0m] Started Trigger resolvconf update for networkd DNS.
[    8.374522] systemd[1]: Reached target Swap.
[[0;32m  OK  [0m] Reached target Swap.
[    8.378259] systemd[1]: Reached target User and Group Name Lookups.
[[0;32m  OK  [0m] Reached target User and Group Name Lookups.
[    8.383215] systemd[1]: Listening on udev Kernel Socket.
[[0;32m  OK  [0m] Listening on udev Kernel Socket.
[    8.388414] systemd[1]: Listening on /dev/initctl Compatibility Named Pipe.
[[0;32m  OK  [0m] Listening on /dev/initctl Compatibility Named Pipe.
[    8.393398] systemd[1]: Listening on LVM2 poll daemon socket.
[[0;32m  OK  [0m] Listening on LVM2 poll daemon socket.
[    8.397870] systemd[1]: Reached target Encrypted Volumes.
[[0;32m  OK  [0m] Reached target Encrypted Volumes.
[    8.404921] systemd[1]: Listening on Device-mapper event daemon FIFOs.
[[0;32m  OK  [0m] Listening on Device-mapper event daemon FIFOs.
[    8.410237] systemd[1]: Listening on Journal Audit Socket.
[[0;32m  OK  [0m] Listening on Journal Audit Socket.
[    8.414632] systemd[1]: Set up automount Arbitrary Executable File Formats File System Automount Point.
[[0;32m  OK  [0m] Set up automount Arbitrary Executab...ats File System Automount Point.
[    8.431091] systemd[1]: Listening on Journal Socket (/dev/log).
[[0;32m  OK  [0m] Listening on Journal Socket (/dev/log).
[    8.435640] systemd[1]: Listening on fsck to fsckd communication Socket.
[[0;32m  OK  [0m] Listening on fsck to fsckd communication Socket.
[    8.440910] systemd[1]: Created slice System Slice.
[[0;32m  OK  [0m] Created slice System Slice.
[    8.456610] systemd[1]: Starting Nameserver information manager...
         Starting Nameserver information manager...
[    8.463628] systemd[1]: Mounting POSIX Message Queue File System...
         Mounting POSIX Message Queue File System...
[    8.471778] systemd[1]: Starting Uncomplicated firewall...
         Starting Uncomplicated firewall...
[    8.478520] systemd[1]: Starting Create list of required static device nodes for the current kernel...
         Starting Create list of required st... nodes for the current kernel...
[    8.489965] systemd[1]: Mounting Huge Pages File System...
         Mounting Huge Pages File System...
[    8.497034] systemd[1]: Reached target System Time Synchronized.
[[0;32m  OK  [0m] Reached target System Time Synchronized.
[    8.505067] systemd[1]: Starting Load Kernel Modules...
         Starting Load Kernel Modules...
[    8.511379] systemd[1]: Starting File System Check on Root Device...
         Starting File System Check on Root Device...
[    8.517600] systemd[1]: Listening on LVM2 metadata daemon socket.
[[0;32m  OK  [0m] Listening on LVM2 metadata daemon socket.
[    8.524374] systemd[1]: Starting Monitoring of LVM2 mirrors, snapshots etc. using dmeventd or progress polling...
         Starting Monitoring of LVM2 mirrors... dmeventd or progress polling...
[    8.534086] systemd[1]: Listening on udev Control Socket.
[[0;32m  OK  [0m] Listening on udev Control Socket.
[    8.538814] systemd[1]: Started Forward Password Requests to Wall Directory Watch.
[[0;32m  OK  [0m] Started Forward Password Requests to Wall Directory Watch.
[    8.546835] systemd[1]: Starting Set console keymap...
         Starting Set console keymap...
[    8.583276] systemd[1]: Reached target Slices.
[    8.587173] Loading iSCSI transport class v2.0-870.
[[0;32m  OK  [0m] Reached target Slices.
[    8.592856] systemd[1]: Mounting Debug File System...
         Mounting Debug File System...
[    8.605041] systemd[1]: Starting Journal Service...
         Starting Journal Service...
[    8.612912] systemd[1]: Created slice system-serial\x2dgetty.slice.
[[0;32m  OK  [0m] Created slice system-serial\x2dgetty.slice.
[    8.653443] systemd[1]: Mounted Huge Pages File System.
[[0;32m  OK  [0m] Mounted Huge Pages File System.
[    8.659325] systemd[1]: Mounted POSIX Message Queue File System.
[[0;32m  OK  [0m] Mounted POSIX Message Queue File System.
[    8.665851] systemd[1]: Mounted Debug File System.
[[0;32m  OK  [0m] Mounted Debug File System.
[    8.727889] systemd[1]: Started Uncomplicated firewall.
[[0;32m  OK  [0m] Started Uncomplicated firewall.
[    8.734928] iscsi: registered transport (tcp)
[    8.736110] systemd[1]: Started Create list of required static device nodes for the current kernel.
[[0;32m  OK  [0m] Started Create list of required sta...ce nodes for the current kernel.
[    8.755279] systemd[1]: Started Nameserver information manager.
[[0;32m  OK  [0m] Started Nameserver information manager.
[    8.804333] systemd[1]: Started File System Check on Root Device.
[[0;32m  OK  [0m] Started File System Check on Root Device.
[    8.831473] systemd[1]: Started LVM2 metadata daemon.
[[0;32m  OK  [0m] Started LVM2 metadata daemon.
[    8.841801] systemd[1]: Started File System Check Daemon to report status.
[[0;32m  OK  [0m] Started File System Check Daemon to report status.
[    8.852607] systemd[1]: Starting Remount Root and Kernel File Systems...
[    8.863393] EXT4-fs (sda1): re-mounted. Opts: (null)
         Starting Remount Root and Kernel File Systems...
[    8.891123] systemd[1]: Starting Create Static Device Nodes in /dev...
         Starting Create Static Device Nodes in /dev...
[    8.903771] systemd[1]: Started Journal Service.
[[0;32m  OK  [0m] Started Journal Service.
[[0;32m  OK  [0m] Started Remount Root and Kernel File Systems.
[[0;32m  OK  [0m] Started Create Static Device Nodes in /dev.
[    8.922631] random: nonblocking pool is initialized
[    8.937431] iscsi: registered transport (iser)
         Starting udev Kernel Device Manager...
         Starting Load/Save Random Seed...
         Starting udev Coldplug all Devices...
         Starting Flush Journal to Persistent Storage...
[[0;32m  OK  [0m] Started Load Kernel Modules.
[[0;32m  OK  [0m] Started Load/Save Random Seed.
         Mounting FUSE Control File System...
         Starting Apply Kernel Variables...
[[0;32m  OK  [0m] Mounted FUSE Control File System.
[    9.081479] systemd-journald[399]: Received request to flush runtime journal from PID 1
[[0;32m  OK  [0m] Started Set console keymap.
[[0;32m  OK  [0m] Started Flush Journal to Persistent Storage.
[[0;32m  OK  [0m] Started Apply Kernel Variables.
[[0;32m  OK  [0m] Started udev Kernel Device Manager.
[[0;32m  OK  [0m] Started udev Coldplug all Devices.
[[0;32m  OK  [0m] Started Dispatch Password Requests to Console Directory Watch.
[[0;32m  OK  [0m] Started Monitoring of LVM2 mirrors,...ng dmeventd or progress polling.
[[0;32m  OK  [0m] Reached target Local File Systems (Pre).
         Mounting /var/www/html...
[[0;32m  OK  [0m] Reached target Local File Systems.
         Starting Create Volatile Files and Directories...
         Starting Set console font and keymap...
         Starting Initial cloud-init job (pre-networking)...
         Starting LSB: AppArmor initialization...
         Starting Tell Plymouth To Write Out Runtime Data...
[[0;1;31mFAILED[0m] Failed to mount /var/www/html.
See 'systemctl status var-www-html.mount' for details.
[[0;32m  OK  [0m] Started Tell Plymouth To Write Out Runtime Data.
[[0;32m  OK  [0m] Started Create Volatile Files and Directories.
         Starting Update UTMP about System Boot/Shutdown...
[[0;32m  OK  [0m] Started Update UTMP about System Boot/Shutdown.
[[0;32m  OK  [0m] Found device /dev/ttyS0.
[[0;32m  OK  [0m] Started LSB: AppArmor initialization.
         Starting Load AppArmor profiles managed internally by snapd...
[[0;32m  OK  [0m] Started Load AppArmor profiles managed internally by snapd.
[[0;32m  OK  [0m] Listening on Load/Save RF Kill Switch Status /dev/rfkill Watch.
[[0;32m  OK  [0m] Found device 82540EM Gigabit Ethern...r (PRO/1000 MT Desktop Adapter).
[   11.285402] cloud-init[496]: Cloud-init v. 20.4.1-0ubuntu1~16.04.1 running 'init-local' at Thu, 25 Mar 2021 20:40:38 +0000. Up 10.56 seconds.
[[0;32m  OK  [0m] Started Initial cloud-init job (pre-networking).
[[0;32m  OK  [0m] Reached target Network (Pre).
[[0;32m  OK  [0m] Started ifup for enp0s3.
         Starting Raise network interfaces...
[[0;32m  OK  [0m] Started Set console font and keymap.
[[0;32m  OK  [0m] Created slice system-getty.slice.
[[0;32m  OK  [0m] Started Raise network interfaces.
[[0;32m  OK  [0m] Reached target Network.
         Starting Initial cloud-init job (metadata service crawler)...
[   13.648183] cloud-init[982]: Cloud-init v. 20.4.1-0ubuntu1~16.04.1 running 'init' at Thu, 25 Mar 2021 20:40:41 +0000. Up 13.07 seconds.
[   13.661146] cloud-init[982]: ci-info: ++++++++++++++++++++++++++++++++++++++Net device info++++++++++++++++++++++++++++++++++++++
[   13.665885] cloud-init[982]: ci-info: +--------+------+----------------------------+---------------+--------+-------------------+
[   13.671190] cloud-init[982]: ci-info: | Device |  Up  |          Address           |      Mask     | Scope  |     Hw-Address    |
[   13.676225] cloud-init[982]: ci-info: +--------+------+----------------------------+---------------+--------+-------------------+
[   13.684910] cloud-init[982]: ci-info: | enp0s3 | True |         10.0.2.15          | 255.255.255.0 | global | 02:96:8e:bc:5b:f3 |
[   13.689473] cloud-init[982]: ci-info: | enp0s3 | True | fe80::96:8eff:febc:5bf3/64 |       .       |  link  | 02:96:8e:bc:5b:f3 |
[   13.695805] cloud-init[982]: ci-info: |   lo   | True |         127.0.0.1          |   255.0.0.0   |  host  |         .         |
[   13.701469] cloud-init[982]: ci-info: |   lo   | True |          ::1/128           |       .       |  host  |         .         |
[   13.707197] cloud-init[982]: ci-info: +--------+------+----------------------------+---------------+--------+-------------------+
[   13.712178] cloud-init[982]: ci-info: +++++++++++++++++++++++++++Route IPv4 info++++++++++++++++++++++++++++
[   13.717577] cloud-init[982]: ci-info: +-------+-------------+----------+---------------+-----------+-------+
[   13.722043] cloud-init[982]: ci-info: | Route | Destination | Gateway  |    Genmask    | Interface | Flags |
[   13.727436] cloud-init[982]: ci-info: +-------+-------------+----------+---------------+-----------+-------+
[   13.732294] cloud-init[982]: ci-info: |   0   |   0.0.0.0   | 10.0.2.2 |    0.0.0.0    |   enp0s3  |   UG  |
[   13.737555] cloud-init[982]: ci-info: |   1   |   10.0.2.0  | 0.0.0.0  | 255.255.255.0 |   enp0s3  |   U   |
[   13.742362] cloud-init[982]: ci-info: +-------+-------------+----------+---------------+-----------+-------+
[   13.764905] cloud-init[982]: ci-info: +++++++++++++++++++Route IPv6 info+++++++++++++++++++
[   13.771185] cloud-init[982]: ci-info: +-------+-------------+---------+-----------+-------+
[[0;32m  OK  [0m] Started Initial cloud-init job (metadata service crawler).
[   13.779083] [[0;32m  OK  [0m] Reached target Network is Online.
cloud-init[982]: ci-info: | Route | Destination | Gateway | Interface | Flags |
[   13.785306] cloud-init[982]: ci-info: +-------+-------------+---------+-----------+-------+
[   13.793463] cloud-init[982]: ci-info: |   0   |  fe80::/64  |    ::   |   enp0s3  |   U   |         Starting iSCSI initiator daemon (iscsid)...
[[0;32m  OK  [0m] Reached target Cloud-config availability.
[[0;32m  OK  [0m] Reached target System Initialization.
[[0;32m  OK  [0m] Listening on UUID daemon activation socket.

[   13.804105] cloud-init[[0;32m  OK  [0m] Started Message of the Day.
[[0;32m  OK  [0m] Listening on ACPID Listen Socket.
[982]: ci-info: |   3   |   ff00::/8  |    ::   |   enp0s3  |   U   |         Starting LXD - unix socket.
[[0;32m  OK  [0m] Started Daily Cleanup of Temporary Directories.
         Starting Socket activation for snappy daemon.
[[0;32m  OK  [0m] Listening on D-Bus System Message Bus Socket.
[[0;32m  OK  [0m] Started Daily apt download activities.
[[0;32m  OK  [0m] Started Daily apt upgrade and clean activities.
[[0;32m  OK  [0m] Reached target Timers.

[[0;32m  OK  [0m] Started ACPI Events Check.
[[0;32m  OK  [0m] Reached target Paths.
[[0;32m  OK  [0m] Listening on LXD - unix socket.
[[0;32m  OK  [0m] Listening on Socket activation for snappy daemon.
[   13.822006] cloud-init[982]: ci-info: +-------+-------------+---------+-----------+-------+
[[0;32m  OK  [0m] Reached target Sockets.
[[0;32m  OK  [0m] Reached target Basic System.
         Starting LXD - container startup/shutdown...
[[0;32m  OK  [0m] Started D-Bus System Message Bus.
[[0;32m  OK  [0m] Started Regular background program processing daemon.
[[0;32m  OK  [0m] Started FUSE filesystem for LXC.
[[0;32m  OK  [0m] Started Deferred execution scheduler.
         Starting Login Service...
[[0;32m  OK  [0m] Started ACPI event daemon.
         Starting Accounts Service...
         Starting LSB: Record successful boot for GRUB...
         Starting System Logging Service...
         Starting OpenBSD Secure Shell server...
         Starting /etc/rc.local Compatibility...
         Starting Virtualbox guest utils...
         Starting Snap Daemon...
         Starting LSB: MD monitoring daemon...
[[0;32m  OK  [0m] Started iSCSI initiator daemon (iscsid).
[[0;32m  OK  [0m] Started /etc/rc.local Compatibility.
         Starting Login to default iSCSI targets...
[[0;32m  OK  [0m] Started Login Service.
[[0;32m  OK  [0m] Started Unattended Upgrades Shutdown.
[[0;32m  OK  [0m] Started System Logging Service.
[[0;32m  OK  [0m] Started LSB: MD monitoring daemon.
[[0;32m  OK  [0m] Started LSB: Record successful boot for GRUB.
[[0;32m  OK  [0m] Started Login to default iSCSI targets.
[[0;32m  OK  [0m] Reached target Remote File Systems (Pre).
[[0;32m  OK  [0m] Reached target Remote File Systems.
         Starting Permit User Sessions...
         Starting LSB: Apache2 web server...
         Starting LSB: Set the CPU Frequency Scaling governor to "ondemand"...
         Starting LSB: daemon to balance interrupts for SMP systems...
         Starting LSB: automatic crash report generation...
[[0;32m  OK  [0m] Started OpenBSD Secure Shell server.
[[0;32m  OK  [0m] Started Permit User Sessions.
         Starting Terminate Plymouth Boot Screen...
         Starting Hold until boot process finishes up...
[[0;32m  OK  [0m] Started LXD - container startup/shutdown.
[[0;32m  OK  [0m] Started Hold until boot process finishes up.
[[0;32m  OK  [0m] Started Terminate Plymouth Boot Screen.
         Starting Authenticate and Authorize Users to Run Privileged Tasks...
[[0;32m  OK  [0m] Started Getty on tty1.
[[0;32m  OK  [0m] Started Serial Getty on ttyS0.
[[0;32m  OK  [0m] Reached target Login Prompts.
         Starting Set console scheme...
[[0;32m  OK  [0m] Started LSB: Set the CPU Frequency Scaling governor to "ondemand".
[[0;32m  OK  [0m] Started Set console scheme.
[[0;32m  OK  [0m] Started LSB: daemon to balance interrupts for SMP systems.
[[0;32m  OK  [0m] Started Virtualbox guest utils.
[[0;32m  OK  [0m] Started Authenticate and Authorize Users to Run Privileged Tasks.
[[0;32m  OK  [0m] Started LSB: automatic crash report generation.
[[0;32m  OK  [0m] Started Accounts Service.
[[0;32m  OK  [0m] Started Snap Daemon.
         Starting Wait until snapd is fully seeded...
[[0;32m  OK  [0m] Started Wait until snapd is fully seeded.
         Starting Apply the settings specified in cloud-config...
[[0;32m  OK  [0m] Started LSB: Apache2 web server.
[[0;32m  OK  [0m] Reached target Multi-User System.
[[0;32m  OK  [0m] Reached target Graphical Interface.
         Starting Update UTMP about System Runlevel Changes...
[[0;32m  OK  [0m] Started Update UTMP about System Runlevel Changes.
[   17.062292] cloud-init[1277]: Cloud-init v. 20.4.1-0ubuntu1~16.04.1 running 'modules:config' at Thu, 25 Mar 2021 20:40:45 +0000. Up 16.79 seconds.
[[0;32m  OK  [0m] Started Apply the settings specified in cloud-config.
         Starting Execute cloud user/final scripts...
[[0;32m  OK  [0m] Created slice User Slice of vagrant.
         Starting User Manager for UID 1000...
[[0;32m  OK  [0m] Started Session 1 of user vagrant.
[[0;32m  OK  [0m] Started User Manager for UID 1000.
[   18.297205] cloud-init[1297]: Cloud-init v. 20.4.1-0ubuntu1~16.04.1 running 'modules:final' at Thu, 25 Mar 2021 20:40:46 +0000. Up 17.91 seconds.
[   18.303129] cloud-init[1297]: Cloud-init v. 20.4.1-0ubuntu1~16.04.1 finished at Thu, 25 Mar 2021 20:40:46 +0000. Datasource DataSourceNoCloud [seed=/dev/sdb][dsmode=net].  Up 18.27 seconds
[[0;32m  OK  [0m] Started Execute cloud user/final scripts.
[[0;32m  OK  [0m] Reached target Cloud-init target.

Ubuntu 16.04.7 LTS ubuntu-xenial ttyS0

ubuntu-xenial login: 